[1/10] Performing build step for 'bootloader'
[1/1] cmd.exe /C "cd /D C:\esp\Espressif\frameworks\HomeMonitoring\Hardware\esp32_cam\build\bootloader\esp-idf\esptool_py && C:\esp\Espressif\python_env\idf5.0_py3.8_env\Scripts\python.exe C:/esp/Espressif/frameworks/esp-idf-v5.0.1/components/partition_table/check_sizes.py --offset 0x8000 bootloader 0x1000 C:/esp/Espressif/frameworks/HomeMonitoring/Hardware/esp32_cam/build/bootloader/bootloader.bin"
Bootloader binary size 0x6710 bytes. 0x8f0 bytes (8%) free.
[2/8] Building C object esp-idf/main/CMakeFiles/__idf_main.dir/main.c.obj
C:/esp/Espressif/frameworks/HomeMonitoring/Hardware/esp32_cam/main/main.c: In function 'camera_task':
C:/esp/Espressif/frameworks/HomeMonitoring/Hardware/esp32_cam/main/main.c:100:24: warning: unused variable 'stream_httpd' [-Wunused-variable]
  100 |         httpd_handle_t stream_httpd = setup_server();
      |                        ^~~~~~~~~~~~
C:/esp/Espressif/frameworks/HomeMonitoring/Hardware/esp32_cam/main/main.c: In function 'http_get_thingspeak_task':
C:/esp/Espressif/frameworks/HomeMonitoring/Hardware/esp32_cam/main/main.c:280:14: warning: unused variable 'MQ4_' [-Wunused-variable]
  280 |     uint32_t MQ4_  = 0;
      |              ^~~~
C:/esp/Espressif/frameworks/HomeMonitoring/Hardware/esp32_cam/main/main.c:279:14: warning: unused variable 'hum_' [-Wunused-variable]
  279 |     uint32_t hum_  = 0;
      |              ^~~~
C:/esp/Espressif/frameworks/HomeMonitoring/Hardware/esp32_cam/main/main.c:278:14: warning: unused variable 'temp_' [-Wunused-variable]
  278 |     uint32_t temp_ = 0;
      |              ^~~~~
C:/esp/Espressif/frameworks/HomeMonitoring/Hardware/esp32_cam/main/main.c:277:14: warning: unused variable 'data' [-Wunused-variable]
  277 |     uint32_t data[3];
      |              ^~~~
C:/esp/Espressif/frameworks/HomeMonitoring/Hardware/esp32_cam/main/main.c: In function 'telegram_send_message':
C:/esp/Espressif/frameworks/HomeMonitoring/Hardware/esp32_cam/main/main.c:495:15: warning: unused variable 'err' [-Wunused-variable]
  495 |     esp_err_t err = esp_http_client_perform(client);
      |               ^~~
C:/esp/Espressif/frameworks/HomeMonitoring/Hardware/esp32_cam/main/main.c: At top level:
C:/esp/Espressif/frameworks/HomeMonitoring/Hardware/esp32_cam/main/main.c:46:13: warning: 'uart_event_task' declared 'static' but never defined [-Wunused-function]
   46 | static void uart_event_task(void *pvParameters);
      |             ^~~~~~~~~~~~~~~
C:/esp/Espressif/frameworks/HomeMonitoring/Hardware/esp32_cam/main/main.c:56:13: warning: 'telegram_end' used but never defined
   56 | static void telegram_end(esp_http_client_handle_t client);
      |             ^~~~~~~~~~~~
C:/esp/Espressif/frameworks/HomeMonitoring/Hardware/esp32_cam/main/main.c:498:13: warning: 'telegram_stop' defined but not used [-Wunused-function]
  498 | static void telegram_stop(esp_http_client_handle_t client)
      |             ^~~~~~~~~~~~~
C:/esp/Espressif/frameworks/HomeMonitoring/Hardware/esp32_cam/main/main.c:365:13: warning: 'https_telegram_getMe_perform' defined but not used [-Wunused-function]
  365 | static void https_telegram_getMe_perform(void) {
      |             ^~~~~~~~~~~~~~~~~~~~~~~~~~~~
[3/8] Linking C static library esp-idf\main\libmain.a
[4/8] Generating ld/sections.ld
[5/8] Linking CXX executable esp32_cam_http_stream.elf
FAILED: esp32_cam_http_stream.elf 
cmd.exe /C "cd . && C:\esp\Espressif\tools\xtensa-esp32-elf\esp-2022r1-11.2.0\xtensa-esp32-elf\bin\xtensa-esp32-elf-g++.exe -mlongcalls -Wno-frame-address  @CMakeFiles\esp32_cam_http_stream.elf.rsp -o esp32_cam_http_stream.elf  && cd ."
c:/esp/espressif/tools/xtensa-esp32-elf/esp-2022r1-11.2.0/xtensa-esp32-elf/bin/../lib/gcc/xtensa-esp32-elf/11.2.0/../../../../xtensa-esp32-elf/bin/ld.exe: esp-idf/main/libmain.a(main.c.obj):(.literal.telegram_task+0x8): undefined reference to `telegram_end'
c:/esp/espressif/tools/xtensa-esp32-elf/esp-2022r1-11.2.0/xtensa-esp32-elf/bin/../lib/gcc/xtensa-esp32-elf/11.2.0/../../../../xtensa-esp32-elf/bin/ld.exe: esp-idf/main/libmain.a(main.c.obj): in function `telegram_task':
C:/esp/Espressif/frameworks/HomeMonitoring/Hardware/esp32_cam/main/main.c:81: undefined reference to `telegram_end'
collect2.exe: error: ld returned 1 exit status
ninja: build stopped: subcommand failed.
